<?xml version="1.0" encoding="UTF-8"?>
<testsuite name="com.example.demo.TestApplicationTests" time="0" tests="1" errors="1" skipped="0" failures="0">
  <properties>
[...]
</properties>
  <testcase name="initializationError" classname="com.example.demo.TestApplicationTests" time="0">
    <error message="Unable to find a @SpringBootConfiguration, you need to use @ContextConfiguration or @SpringBootTest(classes=...) with your test" type="java.lang.IllegalStateException"><![CDATA[java.lang.IllegalStateException: Unable to find a @SpringBootConfiguration, you need to use @ContextConfiguration or @SpringBootTest(classes=...) with your test
	at org.springframework.util.Assert.state(Assert.java:70)
	at org.springframework.boot.test.context.SpringBootTestContextBootstrapper.getOrFindConfigurationClasses(SpringBootTestContextBootstrapper.java:202)
	at org.springframework.boot.test.context.SpringBootTestContextBootstrapper.processMergedContextConfiguration(SpringBootTestContextBootstrapper.java:137)
	at org.springframework.test.context.support.AbstractTestContextBootstrapper.buildMergedContextConfiguration(AbstractTestContextBootstrapper.java:409)
	at org.springframework.test.context.support.AbstractTestContextBootstrapper.buildDefaultMergedContextConfiguration(AbstractTestContextBootstrapper.java:323)
	at org.springframework.test.context.support.AbstractTestContextBootstrapper.buildMergedContextConfiguration(AbstractTestContextBootstrapper.java:277)
	at org.springframework.test.context.support.AbstractTestContextBootstrapper.buildTestContext(AbstractTestContextBootstrapper.java:112)
	at org.springframework.boot.test.context.SpringBootTestContextBootstrapper.buildTestContext(SpringBootTestContextBootstrapper.java:82)
	at org.springframework.test.context.TestContextManager.<init>(TestContextManager.java:120)
	at org.springframework.test.context.TestContextManager.<init>(TestContextManager.java:105)
	at org.springframework.test.context.junit4.SpringJUnit4ClassRunner.createTestContextManager(SpringJUnit4ClassRunner.java:152)
	at org.springframework.test.context.junit4.SpringJUnit4ClassRunner.<init>(SpringJUnit4ClassRunner.java:143)
	at org.springframework.test.context.junit4.SpringRunner.<init>(SpringRunner.java:49)
	at sun.reflect.NativeConstructorAccessorImpl.newInstance0(Native Method)
	at sun.reflect.NativeConstructorAccessorImpl.newInstance(NativeConstructorAccessorImpl.java:62)
	at sun.reflect.DelegatingConstructorAccessorImpl.newInstance(DelegatingConstructorAccessorImpl.java:45)
	at java.lang.reflect.Constructor.newInstance(Constructor.java:423)
	at org.junit.internal.builders.AnnotatedBuilder.buildRunner(AnnotatedBuilder.java:104)
	at org.junit.internal.builders.AnnotatedBuilder.runnerForClass(AnnotatedBuilder.java:86)
	at org.junit.runners.model.RunnerBuilder.safeRunnerForClass(RunnerBuilder.java:59)
	at org.junit.internal.builders.AllDefaultPossibilitiesBuilder.runnerForClass(AllDefaultPossibilitiesBuilder.java:26)
	at org.junit.runners.model.RunnerBuilder.safeRunnerForClass(RunnerBuilder.java:59)
	at org.junit.internal.requests.ClassRequest.getRunner(ClassRequest.java:33)
	at org.apache.maven.surefire.junit4.JUnit4Provider.execute(JUnit4Provider.java:283)
	at org.apache.maven.surefire.junit4.JUnit4Provider.executeWithRerun(JUnit4Provider.java:173)
	at org.apache.maven.surefire.junit4.JUnit4Provider.executeTestSet(JUnit4Provider.java:153)
	at org.apache.maven.surefire.junit4.JUnit4Provider.invoke(JUnit4Provider.java:128)
	at org.apache.maven.surefire.booter.ForkedBooter.invokeProviderInSameClassLoader(ForkedBooter.java:203)
	at org.apache.maven.surefire.booter.ForkedBooter.runSuitesInProcess(ForkedBooter.java:155)
	at org.apache.maven.surefire.booter.ForkedBooter.main(ForkedBooter.java:103)
]]></error>
    <system-out><![CDATA[16:32:06.824 [main] DEBUG org.springframework.test.context.junit4.SpringJUnit4ClassRunner - SpringJUnit4ClassRunner constructor called with [class com.example.demo.TestApplicationTests]
16:32:06.824 [main] DEBUG org.springframework.test.context.BootstrapUtils - Instantiating CacheAwareContextLoaderDelegate from class [org.springframework.test.context.cache.DefaultCacheAwareContextLoaderDelegate]
16:32:06.856 [main] DEBUG org.springframework.test.context.BootstrapUtils - Instantiating BootstrapContext using constructor [public org.springframework.test.context.support.DefaultBootstrapContext(java.lang.Class,org.springframework.test.context.CacheAwareContextLoaderDelegate)]
16:32:06.871 [main] DEBUG org.springframework.test.context.BootstrapUtils - Instantiating TestContextBootstrapper for test class [com.example.demo.TestApplicationTests] from class [org.springframework.boot.test.context.SpringBootTestContextBootstrapper]
16:32:06.902 [main] INFO org.springframework.boot.test.context.SpringBootTestContextBootstrapper - Neither @ContextConfiguration nor @ContextHierarchy found for test class [com.example.demo.TestApplicationTests], using SpringBootContextLoader
16:32:06.902 [main] DEBUG org.springframework.test.context.support.AbstractContextLoader - Did not detect default resource location for test class [com.example.demo.TestApplicationTests]: class path resource [com/example/demo/TestApplicationTests-context.xml] does not exist
16:32:06.902 [main] DEBUG org.springframework.test.context.support.AbstractContextLoader - Did not detect default resource location for test class [com.example.demo.TestApplicationTests]: class path resource [com/example/demo/TestApplicationTestsContext.groovy] does not exist
16:32:06.902 [main] INFO org.springframework.test.context.support.AbstractContextLoader - Could not detect default resource locations for test class [com.example.demo.TestApplicationTests]: no resource found for suffixes {-context.xml, Context.groovy}.
16:32:06.918 [main] INFO org.springframework.test.context.support.AnnotationConfigContextLoaderUtils - Could not detect default configuration classes for test class [com.example.demo.TestApplicationTests]: TestApplicationTests does not declare any static, non-private, non-final, nested classes annotated with @Configuration.
16:32:06.958 [main] DEBUG org.springframework.test.context.support.ActiveProfilesUtils - Could not find an 'annotation declaring class' for annotation type [org.springframework.test.context.ActiveProfiles] and class [com.example.demo.TestApplicationTests]
16:32:06.978 [main] DEBUG org.springframework.core.env.StandardEnvironment - Adding [systemProperties] PropertySource with lowest search precedence
16:32:06.978 [main] DEBUG org.springframework.core.env.StandardEnvironment - Adding [systemEnvironment] PropertySource with lowest search precedence
16:32:06.978 [main] DEBUG org.springframework.core.env.StandardEnvironment - Initialized StandardEnvironment with PropertySources [systemProperties,systemEnvironment]
16:32:06.994 [main] DEBUG org.springframework.core.io.support.PathMatchingResourcePatternResolver - Resolved classpath location [com/example/demo/] to resources [URL [file:/D:/DCSoft/WorkingSpaceDome/Demo2/target/test-classes/com/example/demo/]]
16:32:06.994 [main] DEBUG org.springframework.core.io.support.PathMatchingResourcePatternResolver - Looking for matching resources in directory tree [D:\DCSoft\WorkingSpaceDome\Demo2\target\test-classes\com\example\demo]
16:32:06.994 [main] DEBUG org.springframework.core.io.support.PathMatchingResourcePatternResolver - Searching directory [D:\DCSoft\WorkingSpaceDome\Demo2\target\test-classes\com\example\demo] for files matching pattern [D:/DCSoft/WorkingSpaceDome/Demo2/target/test-classes/com/example/demo/*.class]
16:32:06.994 [main] DEBUG org.springframework.core.io.support.PathMatchingResourcePatternResolver - Resolved location pattern [classpath*:com/example/demo/*.class] to resources [file [D:\DCSoft\WorkingSpaceDome\Demo2\target\test-classes\com\example\demo\TestApplicationTests.class]]
16:32:07.040 [main] DEBUG org.springframework.core.io.support.PathMatchingResourcePatternResolver - Resolved classpath location [com/example/] to resources [URL [file:/D:/DCSoft/WorkingSpaceDome/Demo2/target/test-classes/com/example/]]
16:32:07.040 [main] DEBUG org.springframework.core.io.support.PathMatchingResourcePatternResolver - Looking for matching resources in directory tree [D:\DCSoft\WorkingSpaceDome\Demo2\target\test-classes\com\example]
16:32:07.040 [main] DEBUG org.springframework.core.io.support.PathMatchingResourcePatternResolver - Searching directory [D:\DCSoft\WorkingSpaceDome\Demo2\target\test-classes\com\example] for files matching pattern [D:/DCSoft/WorkingSpaceDome/Demo2/target/test-classes/com/example/*.class]
16:32:07.040 [main] DEBUG org.springframework.core.io.support.PathMatchingResourcePatternResolver - Resolved location pattern [classpath*:com/example/*.class] to resources []
16:32:07.040 [main] DEBUG org.springframework.core.io.support.PathMatchingResourcePatternResolver - Resolved classpath location [com/] to resources [URL [file:/D:/DCSoft/WorkingSpaceDome/Demo2/target/test-classes/com/], URL [file:/D:/DCSoft/WorkingSpaceDome/Demo2/target/classes/com/], URL [jar:file:/C:/Users/Administrator/.m2/repository/com/fasterxml/classmate/1.3.3/classmate-1.3.3.jar!/com/], URL [jar:file:/C:/Users/Administrator/.m2/repository/com/fasterxml/jackson/core/jackson-databind/2.8.8/jackson-databind-2.8.8.jar!/com/], URL [jar:file:/C:/Users/Administrator/.m2/repository/com/fasterxml/jackson/core/jackson-annotations/2.8.0/jackson-annotations-2.8.0.jar!/com/], URL [jar:file:/C:/Users/Administrator/.m2/repository/com/fasterxml/jackson/core/jackson-core/2.8.8/jackson-core-2.8.8.jar!/com/], URL [jar:file:/C:/Users/Administrator/.m2/repository/com/jayway/jsonpath/json-path/2.2.0/json-path-2.2.0.jar!/com/], URL [jar:file:/C:/Users/Administrator/.m2/repository/mysql/mysql-connector-java/5.1.41/mysql-connector-java-5.1.41.jar!/com/]]
16:32:07.040 [main] DEBUG org.springframework.core.io.support.PathMatchingResourcePatternResolver - Looking for matching resources in directory tree [D:\DCSoft\WorkingSpaceDome\Demo2\target\test-classes\com]
16:32:07.040 [main] DEBUG org.springframework.core.io.support.PathMatchingResourcePatternResolver - Searching directory [D:\DCSoft\WorkingSpaceDome\Demo2\target\test-classes\com] for files matching pattern [D:/DCSoft/WorkingSpaceDome/Demo2/target/test-classes/com/*.class]
16:32:07.040 [main] DEBUG org.springframework.core.io.support.PathMatchingResourcePatternResolver - Looking for matching resources in directory tree [D:\DCSoft\WorkingSpaceDome\Demo2\target\classes\com]
16:32:07.040 [main] DEBUG org.springframework.core.io.support.PathMatchingResourcePatternResolver - Searching directory [D:\DCSoft\WorkingSpaceDome\Demo2\target\classes\com] for files matching pattern [D:/DCSoft/WorkingSpaceDome/Demo2/target/classes/com/*.class]
16:32:07.040 [main] DEBUG org.springframework.core.io.support.PathMatchingResourcePatternResolver - Looking for matching resources in jar file [file:/C:/Users/Administrator/.m2/repository/com/fasterxml/classmate/1.3.3/classmate-1.3.3.jar]
16:32:07.040 [main] DEBUG org.springframework.core.io.support.PathMatchingResourcePatternResolver - Looking for matching resources in jar file [file:/C:/Users/Administrator/.m2/repository/com/fasterxml/jackson/core/jackson-databind/2.8.8/jackson-databind-2.8.8.jar]
16:32:07.056 [main] DEBUG org.springframework.core.io.support.PathMatchingResourcePatternResolver - Looking for matching resources in jar file [file:/C:/Users/Administrator/.m2/repository/com/fasterxml/jackson/core/jackson-annotations/2.8.0/jackson-annotations-2.8.0.jar]
16:32:07.056 [main] DEBUG org.springframework.core.io.support.PathMatchingResourcePatternResolver - Looking for matching resources in jar file [file:/C:/Users/Administrator/.m2/repository/com/fasterxml/jackson/core/jackson-core/2.8.8/jackson-core-2.8.8.jar]
16:32:07.056 [main] DEBUG org.springframework.core.io.support.PathMatchingResourcePatternResolver - Looking for matching resources in jar file [file:/C:/Users/Administrator/.m2/repository/com/jayway/jsonpath/json-path/2.2.0/json-path-2.2.0.jar]
16:32:07.056 [main] DEBUG org.springframework.core.io.support.PathMatchingResourcePatternResolver - Looking for matching resources in jar file [file:/C:/Users/Administrator/.m2/repository/mysql/mysql-connector-java/5.1.41/mysql-connector-java-5.1.41.jar]
16:32:07.056 [main] DEBUG org.springframework.core.io.support.PathMatchingResourcePatternResolver - Resolved location pattern [classpath*:com/*.class] to resources []
16:32:07.072 [main] DEBUG org.springframework.test.context.junit4.SpringJUnit4ClassRunner - SpringJUnit4ClassRunner constructor called with [class com.example.demo.TestApplicationTests]
16:32:07.072 [main] DEBUG org.springframework.test.context.BootstrapUtils - Instantiating CacheAwareContextLoaderDelegate from class [org.springframework.test.context.cache.DefaultCacheAwareContextLoaderDelegate]
16:32:07.072 [main] DEBUG org.springframework.test.context.BootstrapUtils - Instantiating BootstrapContext using constructor [public org.springframework.test.context.support.DefaultBootstrapContext(java.lang.Class,org.springframework.test.context.CacheAwareContextLoaderDelegate)]
16:32:07.072 [main] DEBUG org.springframework.test.context.BootstrapUtils - Instantiating TestContextBootstrapper for test class [com.example.demo.TestApplicationTests] from class [org.springframework.boot.test.context.SpringBootTestContextBootstrapper]
16:32:07.072 [main] INFO org.springframework.boot.test.context.SpringBootTestContextBootstrapper - Neither @ContextConfiguration nor @ContextHierarchy found for test class [com.example.demo.TestApplicationTests], using SpringBootContextLoader
16:32:07.072 [main] DEBUG org.springframework.test.context.support.AbstractContextLoader - Did not detect default resource location for test class [com.example.demo.TestApplicationTests]: class path resource [com/example/demo/TestApplicationTests-context.xml] does not exist
16:32:07.072 [main] DEBUG org.springframework.test.context.support.AbstractContextLoader - Did not detect default resource location for test class [com.example.demo.TestApplicationTests]: class path resource [com/example/demo/TestApplicationTestsContext.groovy] does not exist
16:32:07.072 [main] INFO org.springframework.test.context.support.AbstractContextLoader - Could not detect default resource locations for test class [com.example.demo.TestApplicationTests]: no resource found for suffixes {-context.xml, Context.groovy}.
16:32:07.072 [main] INFO org.springframework.test.context.support.AnnotationConfigContextLoaderUtils - Could not detect default configuration classes for test class [com.example.demo.TestApplicationTests]: TestApplicationTests does not declare any static, non-private, non-final, nested classes annotated with @Configuration.
16:32:07.072 [main] DEBUG org.springframework.test.context.support.ActiveProfilesUtils - Could not find an 'annotation declaring class' for annotation type [org.springframework.test.context.ActiveProfiles] and class [com.example.demo.TestApplicationTests]
16:32:07.072 [main] DEBUG org.springframework.core.env.StandardEnvironment - Adding [systemProperties] PropertySource with lowest search precedence
16:32:07.072 [main] DEBUG org.springframework.core.env.StandardEnvironment - Adding [systemEnvironment] PropertySource with lowest search precedence
16:32:07.072 [main] DEBUG org.springframework.core.env.StandardEnvironment - Initialized StandardEnvironment with PropertySources [systemProperties,systemEnvironment]
16:32:07.072 [main] DEBUG org.springframework.core.io.support.PathMatchingResourcePatternResolver - Resolved classpath location [com/example/demo/] to resources [URL [file:/D:/DCSoft/WorkingSpaceDome/Demo2/target/test-classes/com/example/demo/]]
16:32:07.072 [main] DEBUG org.springframework.core.io.support.PathMatchingResourcePatternResolver - Looking for matching resources in directory tree [D:\DCSoft\WorkingSpaceDome\Demo2\target\test-classes\com\example\demo]
16:32:07.072 [main] DEBUG org.springframework.core.io.support.PathMatchingResourcePatternResolver - Searching directory [D:\DCSoft\WorkingSpaceDome\Demo2\target\test-classes\com\example\demo] for files matching pattern [D:/DCSoft/WorkingSpaceDome/Demo2/target/test-classes/com/example/demo/*.class]
16:32:07.072 [main] DEBUG org.springframework.core.io.support.PathMatchingResourcePatternResolver - Resolved location pattern [classpath*:com/example/demo/*.class] to resources [file [D:\DCSoft\WorkingSpaceDome\Demo2\target\test-classes\com\example\demo\TestApplicationTests.class]]
16:32:07.072 [main] DEBUG org.springframework.core.io.support.PathMatchingResourcePatternResolver - Resolved classpath location [com/example/] to resources [URL [file:/D:/DCSoft/WorkingSpaceDome/Demo2/target/test-classes/com/example/]]
16:32:07.072 [main] DEBUG org.springframework.core.io.support.PathMatchingResourcePatternResolver - Looking for matching resources in directory tree [D:\DCSoft\WorkingSpaceDome\Demo2\target\test-classes\com\example]
16:32:07.072 [main] DEBUG org.springframework.core.io.support.PathMatchingResourcePatternResolver - Searching directory [D:\DCSoft\WorkingSpaceDome\Demo2\target\test-classes\com\example] for files matching pattern [D:/DCSoft/WorkingSpaceDome/Demo2/target/test-classes/com/example/*.class]
16:32:07.072 [main] DEBUG org.springframework.core.io.support.PathMatchingResourcePatternResolver - Resolved location pattern [classpath*:com/example/*.class] to resources []
16:32:07.072 [main] DEBUG org.springframework.core.io.support.PathMatchingResourcePatternResolver - Resolved classpath location [com/] to resources [URL [file:/D:/DCSoft/WorkingSpaceDome/Demo2/target/test-classes/com/], URL [file:/D:/DCSoft/WorkingSpaceDome/Demo2/target/classes/com/], URL [jar:file:/C:/Users/Administrator/.m2/repository/com/fasterxml/classmate/1.3.3/classmate-1.3.3.jar!/com/], URL [jar:file:/C:/Users/Administrator/.m2/repository/com/fasterxml/jackson/core/jackson-databind/2.8.8/jackson-databind-2.8.8.jar!/com/], URL [jar:file:/C:/Users/Administrator/.m2/repository/com/fasterxml/jackson/core/jackson-annotations/2.8.0/jackson-annotations-2.8.0.jar!/com/], URL [jar:file:/C:/Users/Administrator/.m2/repository/com/fasterxml/jackson/core/jackson-core/2.8.8/jackson-core-2.8.8.jar!/com/], URL [jar:file:/C:/Users/Administrator/.m2/repository/com/jayway/jsonpath/json-path/2.2.0/json-path-2.2.0.jar!/com/], URL [jar:file:/C:/Users/Administrator/.m2/repository/mysql/mysql-connector-java/5.1.41/mysql-connector-java-5.1.41.jar!/com/]]
16:32:07.072 [main] DEBUG org.springframework.core.io.support.PathMatchingResourcePatternResolver - Looking for matching resources in directory tree [D:\DCSoft\WorkingSpaceDome\Demo2\target\test-classes\com]
16:32:07.072 [main] DEBUG org.springframework.core.io.support.PathMatchingResourcePatternResolver - Searching directory [D:\DCSoft\WorkingSpaceDome\Demo2\target\test-classes\com] for files matching pattern [D:/DCSoft/WorkingSpaceDome/Demo2/target/test-classes/com/*.class]
16:32:07.072 [main] DEBUG org.springframework.core.io.support.PathMatchingResourcePatternResolver - Looking for matching resources in directory tree [D:\DCSoft\WorkingSpaceDome\Demo2\target\classes\com]
16:32:07.072 [main] DEBUG org.springframework.core.io.support.PathMatchingResourcePatternResolver - Searching directory [D:\DCSoft\WorkingSpaceDome\Demo2\target\classes\com] for files matching pattern [D:/DCSoft/WorkingSpaceDome/Demo2/target/classes/com/*.class]
16:32:07.072 [main] DEBUG org.springframework.core.io.support.PathMatchingResourcePatternResolver - Looking for matching resources in jar file [file:/C:/Users/Administrator/.m2/repository/com/fasterxml/classmate/1.3.3/classmate-1.3.3.jar]
16:32:07.087 [main] DEBUG org.springframework.core.io.support.PathMatchingResourcePatternResolver - Looking for matching resources in jar file [file:/C:/Users/Administrator/.m2/repository/com/fasterxml/jackson/core/jackson-databind/2.8.8/jackson-databind-2.8.8.jar]
16:32:07.087 [main] DEBUG org.springframework.core.io.support.PathMatchingResourcePatternResolver - Looking for matching resources in jar file [file:/C:/Users/Administrator/.m2/repository/com/fasterxml/jackson/core/jackson-annotations/2.8.0/jackson-annotations-2.8.0.jar]
16:32:07.087 [main] DEBUG org.springframework.core.io.support.PathMatchingResourcePatternResolver - Looking for matching resources in jar file [file:/C:/Users/Administrator/.m2/repository/com/fasterxml/jackson/core/jackson-core/2.8.8/jackson-core-2.8.8.jar]
16:32:07.087 [main] DEBUG org.springframework.core.io.support.PathMatchingResourcePatternResolver - Looking for matching resources in jar file [file:/C:/Users/Administrator/.m2/repository/com/jayway/jsonpath/json-path/2.2.0/json-path-2.2.0.jar]
16:32:07.087 [main] DEBUG org.springframework.core.io.support.PathMatchingResourcePatternResolver - Looking for matching resources in jar file [file:/C:/Users/Administrator/.m2/repository/mysql/mysql-connector-java/5.1.41/mysql-connector-java-5.1.41.jar]
16:32:07.087 [main] DEBUG org.springframework.core.io.support.PathMatchingResourcePatternResolver - Resolved location pattern [classpath*:com/*.class] to resources []
]]></system-out>
  </testcase>
</testsuite>